mode: set
github.com/poolcamacho/interviews-service/cmd/main.go:32.13,55.40 10 0
github.com/poolcamacho/interviews-service/cmd/main.go:55.40,55.83 1 0
github.com/poolcamacho/interviews-service/cmd/main.go:57.2,58.46 2 0
github.com/poolcamacho/interviews-service/cmd/main.go:58.46,60.3 1 0
github.com/poolcamacho/interviews-service/docs/docs.go:179.13,181.2 1 0
github.com/poolcamacho/interviews-service/internal/repository/interview_repository.go:32.61,34.2 1 0
github.com/poolcamacho/interviews-service/internal/repository/interview_repository.go:40.74,43.16 3 0
github.com/poolcamacho/interviews-service/internal/repository/interview_repository.go:43.16,45.3 1 0
github.com/poolcamacho/interviews-service/internal/repository/interview_repository.go:46.2,49.18 3 0
github.com/poolcamacho/interviews-service/internal/repository/interview_repository.go:49.18,52.99 2 0
github.com/poolcamacho/interviews-service/internal/repository/interview_repository.go:52.99,54.4 1 0
github.com/poolcamacho/interviews-service/internal/repository/interview_repository.go:55.3,55.38 1 0
github.com/poolcamacho/interviews-service/internal/repository/interview_repository.go:57.2,57.24 1 0
github.com/poolcamacho/interviews-service/internal/repository/interview_repository.go:64.77,68.2 3 0
github.com/poolcamacho/interviews-service/internal/repository/interview_repository_mock.go:16.74,18.61 2 0
github.com/poolcamacho/interviews-service/internal/repository/interview_repository_mock.go:18.61,20.3 1 0
github.com/poolcamacho/interviews-service/internal/repository/interview_repository_mock.go:21.2,21.27 1 0
github.com/poolcamacho/interviews-service/internal/repository/interview_repository_mock.go:27.77,30.2 2 0
github.com/poolcamacho/interviews-service/pkg/config/config.go:20.21,26.2 1 0
github.com/poolcamacho/interviews-service/pkg/config/config.go:34.42,35.48 1 0
github.com/poolcamacho/interviews-service/pkg/config/config.go:35.48,37.3 1 0
github.com/poolcamacho/interviews-service/pkg/config/config.go:38.2,38.17 1 0
github.com/poolcamacho/interviews-service/pkg/logger/logger.go:13.13,17.2 3 0
github.com/poolcamacho/interviews-service/pkg/db/db.go:15.34,17.16 2 0
github.com/poolcamacho/interviews-service/pkg/db/db.go:17.16,19.3 1 0
github.com/poolcamacho/interviews-service/pkg/db/db.go:20.2,20.11 1 0
github.com/poolcamacho/interviews-service/pkg/jwt/jwt.go:17.76,20.2 2 0
github.com/poolcamacho/interviews-service/pkg/jwt/jwt.go:29.81,30.83 1 0
github.com/poolcamacho/interviews-service/pkg/jwt/jwt.go:30.83,31.58 1 0
github.com/poolcamacho/interviews-service/pkg/jwt/jwt.go:31.58,33.4 1 0
github.com/poolcamacho/interviews-service/pkg/jwt/jwt.go:34.3,34.32 1 0
github.com/poolcamacho/interviews-service/pkg/jwt/jwt.go:37.2,37.16 1 0
github.com/poolcamacho/interviews-service/pkg/jwt/jwt.go:37.16,39.3 1 0
github.com/poolcamacho/interviews-service/pkg/jwt/jwt.go:41.2,42.25 2 0
github.com/poolcamacho/interviews-service/pkg/jwt/jwt.go:42.25,44.3 1 0
github.com/poolcamacho/interviews-service/pkg/jwt/jwt.go:46.2,46.20 1 0
github.com/poolcamacho/interviews-service/pkg/jwt/jwt.go:53.55,54.30 1 0
github.com/poolcamacho/interviews-service/pkg/jwt/jwt.go:54.30,57.23 2 0
github.com/poolcamacho/interviews-service/pkg/jwt/jwt.go:57.23,61.4 3 0
github.com/poolcamacho/interviews-service/pkg/jwt/jwt.go:64.3,65.63 2 0
github.com/poolcamacho/interviews-service/pkg/jwt/jwt.go:65.63,69.4 3 0
github.com/poolcamacho/interviews-service/pkg/jwt/jwt.go:72.3,74.17 3 0
github.com/poolcamacho/interviews-service/pkg/jwt/jwt.go:74.17,78.4 3 0
github.com/poolcamacho/interviews-service/pkg/jwt/jwt.go:81.3,84.11 2 0
github.com/poolcamacho/interviews-service/pkg/utils/password.go:32.78,34.16 2 0
github.com/poolcamacho/interviews-service/pkg/utils/password.go:34.16,36.3 1 0
github.com/poolcamacho/interviews-service/pkg/utils/password.go:37.2,37.36 1 0
github.com/poolcamacho/interviews-service/pkg/utils/password.go:45.90,47.2 1 0
github.com/poolcamacho/interviews-service/pkg/utils/password_mock.go:12.75,15.2 2 0
github.com/poolcamacho/interviews-service/pkg/utils/password_mock.go:17.87,20.2 2 0
github.com/poolcamacho/interviews-service/pkg/utils/utils.go:9.39,11.2 1 0
github.com/poolcamacho/interviews-service/pkg/utils/utils.go:18.49,19.26 1 0
github.com/poolcamacho/interviews-service/pkg/utils/utils.go:19.26,20.16 1 0
github.com/poolcamacho/interviews-service/pkg/utils/utils.go:20.16,22.4 1 0
github.com/poolcamacho/interviews-service/pkg/utils/utils.go:24.2,24.14 1 0
github.com/poolcamacho/interviews-service/internal/repository/interview_repository.go:32.61,34.2 1 0
github.com/poolcamacho/interviews-service/internal/repository/interview_repository.go:40.74,43.16 3 0
github.com/poolcamacho/interviews-service/internal/repository/interview_repository.go:43.16,45.3 1 0
github.com/poolcamacho/interviews-service/internal/repository/interview_repository.go:46.2,49.18 3 0
github.com/poolcamacho/interviews-service/internal/repository/interview_repository.go:49.18,52.99 2 0
github.com/poolcamacho/interviews-service/internal/repository/interview_repository.go:52.99,54.4 1 0
github.com/poolcamacho/interviews-service/internal/repository/interview_repository.go:55.3,55.38 1 0
github.com/poolcamacho/interviews-service/internal/repository/interview_repository.go:57.2,57.24 1 0
github.com/poolcamacho/interviews-service/internal/repository/interview_repository.go:64.77,68.2 3 0
github.com/poolcamacho/interviews-service/internal/repository/interview_repository_mock.go:16.74,18.61 2 1
github.com/poolcamacho/interviews-service/internal/repository/interview_repository_mock.go:18.61,20.3 1 1
github.com/poolcamacho/interviews-service/internal/repository/interview_repository_mock.go:21.2,21.27 1 1
github.com/poolcamacho/interviews-service/internal/repository/interview_repository_mock.go:27.77,30.2 2 1
github.com/poolcamacho/interviews-service/internal/service/interview_service.go:32.80,34.2 1 1
github.com/poolcamacho/interviews-service/internal/service/interview_service.go:40.80,42.2 1 1
github.com/poolcamacho/interviews-service/internal/service/interview_service.go:48.80,50.2 1 1
github.com/poolcamacho/interviews-service/internal/service/interview_service_mock.go:16.80,18.61 2 0
github.com/poolcamacho/interviews-service/internal/service/interview_service_mock.go:18.61,20.3 1 0
github.com/poolcamacho/interviews-service/internal/service/interview_service_mock.go:21.2,21.27 1 0
github.com/poolcamacho/interviews-service/internal/service/interview_service_mock.go:27.80,30.2 2 0
github.com/poolcamacho/interviews-service/internal/service/interview_service_mock.go:36.84,38.58 2 0
github.com/poolcamacho/interviews-service/internal/service/interview_service_mock.go:38.58,40.3 1 0
github.com/poolcamacho/interviews-service/internal/service/interview_service_mock.go:41.2,41.27 1 0
github.com/poolcamacho/interviews-service/internal/service/interview_service_mock.go:47.83,50.2 2 0
github.com/poolcamacho/interviews-service/internal/service/interview_service_mock.go:55.62,58.2 2 0
github.com/poolcamacho/interviews-service/internal/repository/interview_repository.go:32.61,34.2 1 0
github.com/poolcamacho/interviews-service/internal/repository/interview_repository.go:40.74,43.16 3 0
github.com/poolcamacho/interviews-service/internal/repository/interview_repository.go:43.16,45.3 1 0
github.com/poolcamacho/interviews-service/internal/repository/interview_repository.go:46.2,49.18 3 0
github.com/poolcamacho/interviews-service/internal/repository/interview_repository.go:49.18,52.99 2 0
github.com/poolcamacho/interviews-service/internal/repository/interview_repository.go:52.99,54.4 1 0
github.com/poolcamacho/interviews-service/internal/repository/interview_repository.go:55.3,55.38 1 0
github.com/poolcamacho/interviews-service/internal/repository/interview_repository.go:57.2,57.24 1 0
github.com/poolcamacho/interviews-service/internal/repository/interview_repository.go:64.77,68.2 3 0
github.com/poolcamacho/interviews-service/internal/repository/interview_repository_mock.go:16.74,18.61 2 0
github.com/poolcamacho/interviews-service/internal/repository/interview_repository_mock.go:18.61,20.3 1 0
github.com/poolcamacho/interviews-service/internal/repository/interview_repository_mock.go:21.2,21.27 1 0
github.com/poolcamacho/interviews-service/internal/repository/interview_repository_mock.go:27.77,30.2 2 0
github.com/poolcamacho/interviews-service/internal/transport/http.go:21.78,23.2 1 1
github.com/poolcamacho/interviews-service/internal/transport/http.go:32.56,34.2 1 1
github.com/poolcamacho/interviews-service/internal/transport/http.go:44.58,46.16 2 1
github.com/poolcamacho/interviews-service/internal/transport/http.go:46.16,49.3 2 0
github.com/poolcamacho/interviews-service/internal/transport/http.go:50.2,50.35 1 1
github.com/poolcamacho/interviews-service/internal/transport/http.go:64.60,66.53 2 1
github.com/poolcamacho/interviews-service/internal/transport/http.go:66.53,69.3 2 0
github.com/poolcamacho/interviews-service/internal/transport/http.go:72.2,72.92 1 1
github.com/poolcamacho/interviews-service/internal/transport/http.go:72.92,75.3 2 1
github.com/poolcamacho/interviews-service/internal/transport/http.go:78.2,78.59 1 1
github.com/poolcamacho/interviews-service/internal/transport/http.go:78.59,81.3 2 0
github.com/poolcamacho/interviews-service/internal/transport/http.go:83.2,83.80 1 1
